<?xml version="1.0" encoding="UTF-8"?>
<!-- Generated by org.testng.reporters.JUnitReportReporter -->
<testsuite hostname="KUDO" failures="0" tests="3" name="testauto.LoginTest" time="2.927" errors="0" timestamp="10 Apr 2021 16:00:41 GMT" skipped="0">
  <testcase classname="testauto.LoginTest" name="signInButton" time="2.306"/>
  <testcase classname="testauto.LoginTest" name="input" time="0.507"/>
  <testcase classname="testauto.LoginTest" name="loginButton" time="0.114"/>
</testsuite> <!-- testauto.LoginTest -->
